<?xml version="1.0" encoding="UTF-8"?>
<!-- Generated by org.testng.reporters.JUnitXMLReporter -->
<testsuite ignored="0" hostname="DESKTOP-8S7ELU3" failures="0" tests="6" name="Default test" time="13.409" errors="0" timestamp="2024-08-18T21:22:39 IST">
  <testcase classname="testclasses.JiraTicketsTest" name="addTicketTest" time="6.097"/>
  <testcase classname="testclasses.JiraTicketsTest" name="getTicketToCheckPostTest" time="0.824"/>
  <testcase classname="testclasses.JiraTicketsTest" name="modifyTicketTest" time="0.813"/>
  <testcase classname="testclasses.JiraTicketsTest" name="getTicketToCheckPutTest" time="1.257"/>
  <testcase classname="testclasses.JiraTicketsTest" name="deleteTicketTest" time="1.13"/>
  <testcase classname="testclasses.JiraTicketsTest" name="getTicketToCheckDeleteTest" time="1.133"/>
</testsuite> <!-- Default test -->
